<?xml version="1.0" encoding="UTF-8"?>
<!-- Generated by org.testng.reporters.JUnitReportReporter -->
<testsuite skipped="0" hostname="WINCTRL-B6I1F7E" name="testcases.TC07_staticJsonPayload" tests="1" failures="0" timestamp="2020-04-12T20:26:25 IST" time="5.477" errors="0">
  <testcase name="addBook" time="5.477" classname="testcases.TC07_staticJsonPayload"/>
  <system-out/>
</testsuite> <!-- testcases.TC07_staticJsonPayload -->
