<?xml version="1.0" encoding="UTF-8"?>
<!-- Generated by org.testng.reporters.JUnitReportReporter -->
<testsuite skipped="0" hostname="WINCTRL-B6I1F7E" name="testcases.putAndVerfiyStatus" tests="1" failures="0" timestamp="2020-04-10T19:09:16 IST" time="4.939" errors="0">
  <testcase name="addPlaceAndVerifyStatus" time="4.939" classname="testcases.putAndVerfiyStatus"/>
  <system-out/>
</testsuite> <!-- testcases.putAndVerfiyStatus -->
