<?xml version="1.0" encoding="UTF-8"?>
<!-- Generated by org.testng.reporters.JUnitReportReporter -->
<testsuite skipped="0" hostname="WINCTRL-B6I1F7E" name="testcases.TC06_dynamicJsonDDTTestNG" tests="3" failures="0" timestamp="2020-04-12T18:58:42 IST" time="3.131" errors="0">
  <testcase name="addBook" time="2.821" classname="testcases.TC06_dynamicJsonDDTTestNG"/>
  <system-out/>
  <testcase name="addBook" time="0.162" classname="testcases.TC06_dynamicJsonDDTTestNG"/>
  <system-out/>
  <testcase name="addBook" time="0.148" classname="testcases.TC06_dynamicJsonDDTTestNG"/>
  <system-out/>
</testsuite> <!-- testcases.TC06_dynamicJsonDDTTestNG -->
