<?xml version="1.0" encoding="UTF-8"?>
<!-- Generated by org.testng.reporters.JUnitReportReporter -->
<testsuite skipped="0" hostname="WINCTRL-B6I1F7E" name="testcases.TC12_hashMapToJson" tests="1" failures="0" timestamp="2020-04-17T12:17:15 IST" time="4.368" errors="0">
  <testcase name="addPlaceAndVerifyStatus" time="4.368" classname="testcases.TC12_hashMapToJson"/>
  <system-out/>
</testsuite> <!-- testcases.TC12_hashMapToJson -->
