<?xml version="1.0" encoding="UTF-8"?>
<!-- Generated by org.testng.reporters.JUnitReportReporter -->
<testsuite skipped="0" hostname="WINCTRL-B6I1F7E" name="testcases.TC13_excelSheet_to_Json_to_Testcase" tests="1" failures="0" timestamp="2020-04-17T12:49:19 IST" time="5.174" errors="0">
  <testcase name="addPlaceAndVerifyStatus" time="5.174" classname="testcases.TC13_excelSheet_to_Json_to_Testcase"/>
  <system-out/>
</testsuite> <!-- testcases.TC13_excelSheet_to_Json_to_Testcase -->
