<?xml version="1.0" encoding="UTF-8"?>
<!-- Generated by org.testng.reporters.JUnitReportReporter -->
<testsuite skipped="0" hostname="WINCTRL-B6I1F7E" name="testcases.TC10_specBuilder" tests="1" failures="0" timestamp="2020-04-15T18:55:54 IST" time="3.129" errors="0">
  <testcase name="verifyResponse" time="3.129" classname="testcases.TC10_specBuilder"/>
  <system-out/>
</testsuite> <!-- testcases.TC10_specBuilder -->
