<?xml version="1.0" encoding="UTF-8"?>
<!-- Generated by org.testng.reporters.JUnitReportReporter -->
<testsuite skipped="0" hostname="WINCTRL-B6I1F7E" name="testcases.assertionsOnJsonResponseBodyAndHeader" tests="1" failures="0" timestamp="2020-04-10T20:08:17 IST" time="4.392" errors="0">
  <testcase name="addPlaceAndVerifyStatus" time="4.392" classname="testcases.assertionsOnJsonResponseBodyAndHeader"/>
  <system-out/>
</testsuite> <!-- testcases.assertionsOnJsonResponseBodyAndHeader -->
