<?xml version="1.0" encoding="UTF-8"?>
<!-- Generated by org.testng.reporters.JUnitReportReporter -->
<testsuite skipped="0" hostname="WINCTRL-B6I1F7E" name="testcases.TC11_dataDrivenDataFromExcel" tests="1" failures="0" timestamp="2020-04-15T20:31:35 IST" time="0.742" errors="0">
  <testcase name="printDataFromExcel" time="0.742" classname="testcases.TC11_dataDrivenDataFromExcel"/>
  <system-out/>
</testsuite> <!-- testcases.TC11_dataDrivenDataFromExcel -->
