<?xml version="1.0" encoding="UTF-8"?>
<!-- Generated by org.testng.reporters.JUnitReportReporter -->
<testsuite skipped="0" hostname="WINCTRL-B6I1F7E" name="testcases.endToEndTestCase" tests="1" failures="0" timestamp="2020-04-11T19:02:37 IST" time="4.518" errors="0">
  <testcase name="addPlaceAndVerifyStatus" time="4.518" classname="testcases.endToEndTestCase"/>
  <system-out/>
</testsuite> <!-- testcases.endToEndTestCase -->
