<?xml version="1.0" encoding="UTF-8"?>
<!-- Generated by org.testng.reporters.JUnitReportReporter -->
<testsuite skipped="0" hostname="WINCTRL-B6I1F7E" name="testcases.TC08_jiraEndToEndTestCase" tests="1" failures="0" timestamp="2020-04-13T23:59:10 IST" time="4.798" errors="0">
  <testcase name="jiraTestcase" time="4.798" classname="testcases.TC08_jiraEndToEndTestCase"/>
  <system-out/>
</testsuite> <!-- testcases.TC08_jiraEndToEndTestCase -->
