<?xml version="1.0" encoding="UTF-8"?>
<!-- Generated by org.testng.reporters.JUnitReportReporter -->
<testsuite skipped="0" hostname="WINCTRL-B6I1F7E" name="files.TC04_complexNestedJson" tests="1" failures="0" timestamp="2020-04-12T12:31:19 IST" time="1.693" errors="0">
  <testcase name="complexJson" time="1.693" classname="files.TC04_complexNestedJson"/>
  <system-out/>
</testsuite> <!-- files.TC04_complexNestedJson -->
