<?xml version="1.0" encoding="UTF-8"?>
<!-- Generated by org.testng.reporters.JUnitReportReporter -->
<testsuite skipped="0" hostname="WINCTRL-B6I1F7E" name="testcases.TC04_complexNestedJson" tests="1" failures="0" timestamp="2020-04-12T13:11:54 IST" time="2.781" errors="0">
  <testcase name="complexJson" time="2.781" classname="testcases.TC04_complexNestedJson"/>
  <system-out/>
</testsuite> <!-- testcases.TC04_complexNestedJson -->
