<?xml version="1.0" encoding="UTF-8"?>
<!-- Generated by org.testng.reporters.JUnitReportReporter -->
<testsuite skipped="0" hostname="WINCTRL-B6I1F7E" name="testcases.TC05_dynamicJson" tests="1" failures="0" timestamp="2020-04-12T17:53:44 IST" time="2.770" errors="0">
  <testcase name="addBook" time="2.770" classname="testcases.TC05_dynamicJson"/>
  <system-out/>
</testsuite> <!-- testcases.TC05_dynamicJson -->
